1563581
135548
1722252
4242 406
74
bk1 3073 0 3206 336
bk10a 693 0 812 378
bk10b 812 0 952 161
bk10c 0 273 119 322
bk11 1323 0 1442 175
bk12 3325 0 3465 406
bk13 0 0 497 140
bk14a 3206 0 3325 196
bk14b 3465 0 3584 294
bk14c 3584 0 3703 161
bk15a 952 0 1071 266
bk15b 119 273 455 392
bk16 3787 0 3906 126
bk17a 2310 0 2492 371
bk17b 1946 0 2128 203
bk18 2128 0 2310 203
bk19 3703 0 3787 119
bk2 2674 0 2807 294
bk20 2492 0 2674 350
bk21 1442 0 1582 315
bk3 1071 0 1204 315
bk4 0 140 560 273
bk5a 2807 0 2940 140
bk5b 2940 0 3073 175
bk5c 1715 0 1848 231
bk6 1582 0 1715 315
bk7 1848 0 1946 182
bk8a 4032 0 4242 210
bk8b 3906 0 4032 378
bk9a 1204 0 1323 182
bk9b 455 273 574 392
bk9c 574 0 693 357
bk9d 0 322 119 406
